<?xml version="1.0" encoding="UTF-8"?>
<!-- Generated by org.testng.reporters.JUnitReportReporter -->
<testsuite hostname="DESKTOP-2F4TRKR" failures="0" tests="1" name="com.script.NewCustomerPageTest" time="13.241" errors="0" timestamp="2023-05-04T20:55:44 IST" skipped="0">
  <testcase classname="com.script.NewCustomerPageTest" name="testNewCustomerPage" time="13.241"/>
  <system-out/>
</testsuite> <!-- com.script.NewCustomerPageTest -->
